SF:/Users/jeffh/Sites/OptionsMedical/GitHub/packages/fatsecret_nutrition/test/src/fatsecret_nutrition_test.dart
DA:6,1
DA:7,2
DA:8,1
DA:9,1
DA:10,1
DA:11,1
DA:12,1
DA:14,2
DA:15,2
DA:16,1
DA:17,1
DA:27,2
DA:29,2
DA:30,1
DA:37,2
DA:38,1
DA:47,1
DA:50,2
DA:51,1
DA:60,1
DA:61,4
DA:62,4
DA:63,4
DA:64,4
DA:65,4
DA:66,4
DA:67,4
DA:68,4
DA:69,4
DA:70,4
DA:71,4
DA:72,4
DA:73,4
DA:74,4
DA:75,4
DA:76,4
DA:77,4
DA:78,4
DA:79,4
DA:80,4
DA:84,2
DA:86,2
DA:87,1
DA:95,2
DA:96,1
DA:103,1
DA:106,2
DA:107,1
DA:114,1
DA:115,5
DA:116,1
DA:117,4
DA:120,1
DA:121,4
DA:124,1
DA:125,4
DA:131,2
DA:133,2
DA:134,1
DA:142,2
DA:143,1
DA:151,1
DA:154,1
DA:155,1
DA:156,1
DA:164,1
DA:165,1
DA:166,3
DA:167,1
DA:169,4
DA:174,2
DA:175,2
DA:176,1
DA:182,1
DA:183,3
DA:184,3
DA:185,3
DA:186,3
DA:187,3
DA:188,4
DA:189,4
DA:190,4
DA:191,4
DA:192,5
DA:195,2
DA:196,1
DA:205,1
DA:206,3
DA:207,3
DA:208,3
DA:209,3
DA:211,3
DA:212,2
DA:213,2
DA:214,2
DA:215,2
DA:216,3
DA:217,3
DA:218,3
DA:221,2
DA:222,1
DA:235,1
DA:236,3
DA:237,3
DA:239,3
DA:240,3
DA:241,2
DA:242,2
LF:108
LH:108
end_of_record
SF:/Users/jeffh/Sites/OptionsMedical/GitHub/packages/fatsecret_nutrition/test/src/models/fat_secret_models_test.dart
DA:6,1
DA:7,2
DA:8,2
DA:9,1
DA:10,1
DA:11,1
DA:26,1
DA:28,4
DA:29,4
DA:30,4
DA:31,4
DA:32,4
DA:33,4
DA:34,4
DA:35,4
DA:36,4
DA:37,4
DA:38,4
DA:41,2
DA:59,1
DA:61,4
DA:62,4
DA:63,4
DA:64,4
DA:65,4
DA:66,4
DA:67,4
DA:68,4
DA:69,4
DA:70,1
DA:71,3
DA:72,4
DA:76,2
DA:77,2
DA:78,1
DA:86,1
DA:88,2
DA:89,2
DA:90,2
DA:91,2
DA:92,2
DA:95,2
DA:103,1
DA:105,2
DA:106,2
DA:107,2
DA:108,2
DA:109,2
DA:112,2
DA:113,1
DA:114,1
DA:115,1
DA:139,1
DA:141,4
DA:142,4
DA:143,4
DA:144,4
DA:145,4
DA:146,4
DA:147,4
DA:148,4
DA:149,4
DA:150,4
DA:151,4
DA:152,4
DA:153,4
DA:154,4
DA:155,4
DA:156,4
DA:157,4
DA:158,4
DA:159,4
DA:160,4
DA:163,2
DA:190,1
DA:192,4
DA:193,4
DA:194,4
DA:195,4
DA:196,4
DA:197,4
DA:198,4
DA:199,4
DA:200,4
DA:201,4
DA:202,4
DA:203,4
DA:204,4
DA:205,4
DA:206,4
DA:207,4
DA:208,4
DA:209,4
DA:210,4
DA:211,4
DA:215,2
DA:216,2
DA:217,1
DA:218,1
DA:219,1
DA:220,1
DA:226,1
DA:236,1
DA:238,4
DA:239,5
DA:240,1
DA:241,4
DA:244,1
DA:245,4
DA:250,5
DA:251,1
DA:252,4
DA:255,1
DA:256,4
DA:263,2
DA:285,1
DA:287,4
DA:288,1
DA:289,4
DA:292,1
DA:293,4
DA:296,1
DA:297,3
DA:298,1
DA:303,1
DA:304,4
DA:307,1
DA:308,4
DA:311,1
DA:312,3
DA:313,1
DA:320,2
DA:321,1
DA:327,1
DA:329,2
DA:330,2
DA:331,2
DA:334,2
DA:340,1
DA:342,2
DA:343,2
DA:344,2
DA:348,2
DA:349,2
DA:350,1
DA:351,1
DA:352,1
DA:367,1
DA:369,4
DA:370,4
DA:371,4
DA:372,4
DA:373,4
DA:374,4
DA:375,4
DA:376,4
DA:377,4
DA:378,4
DA:379,4
DA:382,2
DA:400,1
DA:402,4
DA:403,4
DA:404,4
DA:405,4
DA:406,1
DA:407,3
DA:410,4
DA:411,4
DA:412,4
DA:413,4
DA:414,1
DA:415,3
DA:418,4
DA:421,2
DA:422,1
DA:429,1
DA:431,2
DA:432,2
DA:433,2
DA:434,2
DA:437,2
DA:444,1
DA:446,2
DA:447,2
DA:448,2
DA:449,2
DA:453,2
DA:454,2
DA:455,1
DA:456,1
DA:467,1
DA:468,1
DA:470,1
DA:471,1
DA:472,1
DA:479,1
DA:480,1
DA:484,1
DA:485,1
DA:486,1
DA:498,1
DA:499,1
DA:500,1
DA:506,1
DA:507,1
DA:531,1
DA:532,3
DA:533,3
DA:534,3
DA:536,3
DA:537,3
DA:538,3
DA:539,3
DA:540,3
DA:541,5
DA:542,5
DA:543,1
DA:544,5
DA:546,5
DA:547,6
DA:549,5
DA:550,6
DA:551,5
DA:554,2
DA:555,1
DA:556,1
DA:559,1
DA:560,1
DA:566,1
DA:567,1
DA:576,1
DA:582,1
DA:583,1
DA:591,1
DA:592,3
DA:593,3
DA:594,3
DA:595,4
DA:597,3
DA:598,2
DA:599,2
DA:600,2
DA:602,2
DA:604,4
DA:605,3
DA:606,3
DA:607,3
DA:608,3
DA:609,4
DA:610,3
DA:611,1
LF:252
LH:252
end_of_record
